[ 2012-04-13T11:49:02+08:00 ] ERR: (ThinkException) 非法操作confrimModule
[ 2012-04-13T11:49:05+08:00 ] ERR: (ThinkException) 非法操作confrimModule
[ 2012-04-13T11:49:34+08:00 ] ERR: (ThinkException) 非法操作confrimModule
[ 2012-04-13T12:03:27+08:00 ] ERR: (ThinkException) 非法操作style
[ 2012-04-13T12:03:28+08:00 ] ERR: (ThinkException) 非法操作welcome.html
[ 2012-04-13T12:04:14+08:00 ] ERR: (ThinkException) 非法操作style
[ 2012-04-13T12:04:14+08:00 ] ERR: (ThinkException) 非法操作welcome.html
[ 2012-04-13T12:04:20+08:00 ] ERR: (ThinkException) 非法操作confirmModule
[ 2012-04-13T12:04:26+08:00 ] ERR: (ThinkException) 非法操作style
[ 2012-04-13T12:04:26+08:00 ] ERR: (ThinkException) 非法操作welcome.html
[ 2012-04-13T12:05:08+08:00 ] ERR: (ThinkException) 无法加载模块Fuction
[ 2012-04-13T12:05:14+08:00 ] ERR: (ThinkException) 非法操作confirmModule
[ 2012-04-13T12:06:51+08:00 ] ERR: (ThinkException) 非法操作style
[ 2012-04-13T12:06:51+08:00 ] ERR: (ThinkException) 非法操作welcome.html
[ 2012-04-13T12:08:11+08:00 ] ERR: (ThinkException) 非法操作style
[ 2012-04-13T12:08:11+08:00 ] ERR: (ThinkException) 非法操作welcome.html
[ 2012-04-13T12:08:29+08:00 ] ERR: (ThinkException) 非法操作style
[ 2012-04-13T12:08:30+08:00 ] ERR: (ThinkException) 非法操作welcome.html
[ 2012-04-13T12:09:19+08:00 ] ERR: (ThinkException) 非法操作style
[ 2012-04-13T12:09:19+08:00 ] ERR: (ThinkException) 非法操作welcome.html
[ 2012-04-13T12:09:30+08:00 ] ERR: (ThinkException) 非法操作style
[ 2012-04-13T12:09:30+08:00 ] ERR: (ThinkException) 非法操作welcome.html
[ 2012-04-13T12:10:04+08:00 ] ERR: (ThinkException) 非法操作style
[ 2012-04-13T12:10:04+08:00 ] ERR: (ThinkException) 非法操作welcome.html
[ 2012-04-13T12:10:26+08:00 ] ERR: (ThinkException) 非法操作style
[ 2012-04-13T12:10:26+08:00 ] ERR: (ThinkException) 非法操作welcome.html
[ 2012-04-13T12:39:33+08:00 ] ERR: (ThinkException) 非法操作style
[ 2012-04-13T12:39:34+08:00 ] ERR: (ThinkException) 非法操作images
[ 2012-04-13T12:40:59+08:00 ] ERR: (ThinkException) 非法操作style
[ 2012-04-13T12:43:41+08:00 ] ERR: (ThinkException) 非法操作style
[ 2012-04-13T12:43:53+08:00 ] ERR: (ThinkException) 非法操作style
[ 2012-04-13T12:44:03+08:00 ] ERR: (ThinkException) 非法操作style
[ 2012-04-13T12:44:40+08:00 ] ERR: (ThinkException) 非法操作style
[ 2012-04-13T12:46:21+08:00 ] ERR: (ThinkException) 非法操作style
[ 2012-04-13T12:46:50+08:00 ] ERR: (ThinkException) 非法操作style
[ 2012-04-13T12:47:07+08:00 ] ERR: (ThinkException) 非法操作style
[ 2012-04-13T12:47:27+08:00 ] ERR: (ThinkException) 非法操作style
[ 2012-04-13T12:48:00+08:00 ] ERR: (ThinkException) 非法操作style
[ 2012-04-13T12:49:40+08:00 ] ERR: (ThinkException) 非法操作style
[ 2012-04-13T12:50:04+08:00 ] ERR: (ThinkException) 非法操作style
[ 2012-04-13T12:51:37+08:00 ] ERR: (ThinkException) 非法操作style
[ 2012-04-13T12:52:51+08:00 ] ERR: (ThinkException) 非法操作style
[ 2012-04-13T12:52:57+08:00 ] ERR: (ThinkException) 非法操作style
[ 2012-04-13T12:53:16+08:00 ] ERR: (ThinkException) 非法操作style
[ 2012-04-13T12:55:14+08:00 ] ERR: (ThinkException) 非法操作style
[ 2012-04-13T12:55:49+08:00 ] ERR: (ThinkException) 非法操作style
[ 2012-04-13T12:59:21+08:00 ] ERR: (ThinkException) 非法操作style
[ 2012-04-13T12:59:27+08:00 ] ERR: (ThinkException) 非法操作style
[ 2012-04-13T12:59:51+08:00 ] ERR: (ThinkException) 非法操作style
[ 2012-04-13T13:00:12+08:00 ] ERR: (ThinkException) 非法操作style
[ 2012-04-13T13:02:08+08:00 ] ERR: (ThinkException) 非法操作style
[ 2012-04-13T13:02:16+08:00 ] ERR: (ThinkException) 非法操作style
[ 2012-04-13T13:03:05+08:00 ] ERR: (ThinkException) 非法操作style
[ 2012-04-13T13:03:05+08:00 ] ERR: (ThinkException) 非法操作images
[ 2012-04-13T13:03:57+08:00 ] ERR: (ThinkException) 非法操作style
[ 2012-04-13T13:04:22+08:00 ] ERR: (ThinkException) 非法操作style
[ 2012-04-13T13:05:16+08:00 ] ERR: (ThinkException) 非法操作style
[ 2012-04-13T13:06:03+08:00 ] ERR: (ThinkException) 非法操作style
[ 2012-04-13T13:07:11+08:00 ] ERR: (ThinkException) 非法操作style
[ 2012-04-13T13:09:07+08:00 ] ERR: (ThinkException) 非法操作style
[ 2012-04-13T13:10:12+08:00 ] ERR: (ThinkException) 非法操作style
[ 2012-04-13T13:12:50+08:00 ] ERR: (ThinkException) 非法操作style
[ 2012-04-13T13:12:50+08:00 ] ERR: (ThinkException) 非法操作style
[ 2012-04-13T13:12:58+08:00 ] ERR: (ThinkException) 非法操作style
[ 2012-04-13T13:12:58+08:00 ] ERR: (ThinkException) 非法操作style
[ 2012-04-13T13:13:23+08:00 ] ERR: (ThinkException) 非法操作style
[ 2012-04-13T13:13:23+08:00 ] ERR: (ThinkException) 非法操作style
[ 2012-04-13T13:14:21+08:00 ] ERR: (ThinkException) 非法操作style
[ 2012-04-13T13:14:21+08:00 ] ERR: (ThinkException) 非法操作style
[ 2012-04-13T13:14:32+08:00 ] ERR: (ThinkException) 非法操作style
[ 2012-04-13T13:14:32+08:00 ] ERR: (ThinkException) 非法操作style
[ 2012-04-13T13:14:54+08:00 ] ERR: (ThinkException) 非法操作style
[ 2012-04-13T13:14:54+08:00 ] ERR: (ThinkException) 非法操作style
[ 2012-04-13T13:15:40+08:00 ] ERR: (ThinkException) 非法操作style
[ 2012-04-13T13:15:44+08:00 ] ERR: (ThinkException) 非法操作style
[ 2012-04-13T13:15:51+08:00 ] ERR: (ThinkException) 非法操作style
[ 2012-04-13T13:16:01+08:00 ] ERR: (ThinkException) 非法操作style
[ 2012-04-13T13:17:01+08:00 ] ERR: (ThinkException) 非法操作style
[ 2012-04-13T13:17:01+08:00 ] ERR: (ThinkException) 非法操作style
[ 2012-04-13T13:17:18+08:00 ] ERR: (ThinkException) 非法操作style
[ 2012-04-13T13:35:03+08:00 ] ERR: (ThinkException) 非法操作confrimStuInfo
