[ 2012-04-02T11:28:15+08:00 ] ERR: (ThinkException) 非法操作index
[ 2012-04-02T11:28:21+08:00 ] ERR: (ThinkException) 非法操作index
[ 2012-04-02T11:28:23+08:00 ] ERR: (ThinkException) 非法操作index.php
[ 2012-04-02T11:28:58+08:00 ] ERR: (ThinkException) 非法操作index
[ 2012-04-02T11:42:34+08:00 ] ERR: (ThinkException) 非法操作deleteModule
[ 2012-04-02T14:56:03+08:00 ] ERR: (ThinkException) Model:getFields您所请求的方法不存在！
[ 2012-04-02T15:37:55+08:00 ] ERR: (ThinkException) 非法操作style
[ 2012-04-02T15:37:55+08:00 ] ERR: (ThinkException) 非法操作css
[ 2012-04-02T15:39:10+08:00 ] ERR: (ThinkException) 非法操作style
[ 2012-04-02T15:39:10+08:00 ] ERR: (ThinkException) 非法操作css
[ 2012-04-02T15:42:55+08:00 ] ERR: (ThinkException) 非法操作style
[ 2012-04-02T15:42:55+08:00 ] ERR: (ThinkException) 非法操作css
[ 2012-04-02T15:44:54+08:00 ] ERR: (ThinkException) 非法操作style
[ 2012-04-02T15:44:54+08:00 ] ERR: (ThinkException) 非法操作css
[ 2012-04-02T15:45:20+08:00 ] ERR: (ThinkException) 非法操作style
[ 2012-04-02T15:45:21+08:00 ] ERR: (ThinkException) 非法操作css
[ 2012-04-02T15:45:24+08:00 ] ERR: (ThinkException) 非法操作style
[ 2012-04-02T15:45:24+08:00 ] ERR: (ThinkException) 非法操作css
[ 2012-04-02T15:46:51+08:00 ] ERR: (ThinkException) 非法操作style
[ 2012-04-02T15:46:51+08:00 ] ERR: (ThinkException) 非法操作css
[ 2012-04-02T15:47:01+08:00 ] ERR: (ThinkException) 非法操作style
[ 2012-04-02T15:47:01+08:00 ] ERR: (ThinkException) 非法操作css
